C:\Program Files (x86)\Microsoft Visual Studio\2019\Community\MSBuild\Microsoft\VC\v160\Microsoft.CppBuild.targets(453,5): warning MSB8004: Output Directory does not end with a trailing slash.  This build instance will add the slash as it is required to allow proper evaluation of the Output Directory.
C:\Program Files (x86)\Microsoft Visual Studio\2019\Community\MSBuild\Microsoft\VC\v160\Microsoft.CppBuild.targets(467,5): warning MSB8028: The intermediate directory (x64\Debug\) contains files shared from another project (gamex86.vcxproj).  This can lead to incorrect clean and rebuild behavior.
  acebot_ai.c
  acebot_cmds.c
  acebot_items.c
  acebot_movement.c
  acebot_nodes.c
  acebot_spawn.c
  g_ai.c
  g_camera.c
  g_chase.c
  g_cmds.c
  g_combat.c
  g_crane.c
  g_ctf.c
  g_fog.c
M:\Quake\quake2\baseq2\src\repos\q2rtx\kmnac\game\g_fog.c(734,30): warning C4133: 'function': incompatible types - from 'char [64]' to 'LPCWSTR'
  g_func.c
  g_items.c
  g_jetpack.c
  g_lights.c
  g_lock.c
  g_main.c
  Generating Code...
  Compiling...
  g_misc.c
  g_model.c
  g_monster.c
  g_moreai.c
  g_mtrain.c
  g_patchplayermodels.c
  g_pendulum.c
  g_phys.c
  g_reflect.c
  g_save.c
  g_spawn.c
M:\Quake\quake2\baseq2\src\repos\q2rtx\kmnac\game\g_spawn.c(656,40): warning C4267: '=': conversion from 'size_t' to 'int', possible loss of data
M:\Quake\quake2\baseq2\src\repos\q2rtx\kmnac\game\g_spawn.c(708,54): warning C4267: '=': conversion from 'size_t' to 'int', possible loss of data
M:\Quake\quake2\baseq2\src\repos\q2rtx\kmnac\game\g_spawn.c(731,64): warning C4267: '=': conversion from 'size_t' to 'int', possible loss of data
  g_svcmds.c
  g_target.c
M:\Quake\quake2\baseq2\src\repos\q2rtx\kmnac\game\g_target.c(4556,47): error C2065: 'ENTITY_TRIGGER_REVERB_PRESET': undeclared identifier
  g_thing.c
  g_tracktrain.c
  g_trigger.c
  g_turret.c
  g_utils.c
  g_vehicle.c
  g_weapon.c
  Generating Code...
  Compiling...
  km_cvar.c
  m_actor.c
  m_actor_weap.c
  m_berserk.c
  m_boss2.c
  m_boss3.c
  m_boss31.c
  m_boss32.c
  m_brain.c
  m_chick.c
  m_flipper.c
  m_float.c
  m_flyer.c
  m_gladiator.c
  m_gunner.c
  m_hover.c
  m_infantry.c
  m_insane.c
  m_medic.c
  m_move.c
  Generating Code...
  Compiling...
  m_mutant.c
  m_parasite.c
  m_soldier.c
  m_supertank.c
  m_tank.c
  p_chase.c
  p_client.c
  p_hud.c
  p_menu.c
  p_text.c
M:\Quake\quake2\baseq2\src\repos\q2rtx\kmnac\game\p_text.c(323,51): warning C4267: '=': conversion from 'size_t' to 'int', possible loss of data
  p_trail.c
  p_view.c
  p_weapon.c
  Generating Code...
