m:\quake\quake2\baseq2\src\repos\q2rtx\kmnac\game\gamex86\x64\debug\vc142.pdb
m:\quake\quake2\baseq2\src\repos\q2rtx\kmnac\game\gamex86\x64\debug\vc142.idb
m:\quake\quake2\baseq2\src\repos\q2rtx\kmnac\game\gamex86\x64\debug\g_lock.obj
m:\quake\quake2\baseq2\src\repos\q2rtx\kmnac\game\gamex86\x64\debug\g_lights.obj
m:\quake\quake2\baseq2\src\repos\q2rtx\kmnac\game\gamex86\x64\debug\g_jetpack.obj
m:\quake\quake2\baseq2\src\repos\q2rtx\kmnac\game\gamex86\x64\debug\g_items.obj
m:\quake\quake2\baseq2\src\repos\q2rtx\kmnac\game\gamex86\x64\debug\g_func.obj
m:\quake\quake2\baseq2\src\repos\q2rtx\kmnac\game\gamex86\x64\debug\g_fog.obj
m:\quake\quake2\baseq2\src\repos\q2rtx\kmnac\game\gamex86\x64\debug\g_ctf.obj
m:\quake\quake2\baseq2\src\repos\q2rtx\kmnac\game\gamex86\x64\debug\g_crane.obj
m:\quake\quake2\baseq2\src\repos\q2rtx\kmnac\game\gamex86\x64\debug\g_combat.obj
m:\quake\quake2\baseq2\src\repos\q2rtx\kmnac\game\gamex86\x64\debug\g_cmds.obj
m:\quake\quake2\baseq2\src\repos\q2rtx\kmnac\game\gamex86\x64\debug\g_chase.obj
m:\quake\quake2\baseq2\src\repos\q2rtx\kmnac\game\gamex86\x64\debug\g_camera.obj
m:\quake\quake2\baseq2\src\repos\q2rtx\kmnac\game\gamex86\x64\debug\g_ai.obj
m:\quake\quake2\baseq2\src\repos\q2rtx\kmnac\game\gamex86\x64\debug\acebot_spawn.obj
m:\quake\quake2\baseq2\src\repos\q2rtx\kmnac\game\gamex86\x64\debug\acebot_nodes.obj
m:\quake\quake2\baseq2\src\repos\q2rtx\kmnac\game\gamex86\x64\debug\acebot_movement.obj
m:\quake\quake2\baseq2\src\repos\q2rtx\kmnac\game\gamex86\x64\debug\acebot_items.obj
m:\quake\quake2\baseq2\src\repos\q2rtx\kmnac\game\gamex86\x64\debug\acebot_compress.obj
m:\quake\quake2\baseq2\src\repos\q2rtx\kmnac\game\gamex86\x64\debug\acebot_cmds.obj
m:\quake\quake2\baseq2\src\repos\q2rtx\kmnac\game\gamex86\x64\debug\acebot_ai.obj
m:\quake\quake2\baseq2\src\repos\q2rtx\kmnac\game\gamex86\x64\debug\g_vehicle.obj
m:\quake\quake2\baseq2\src\repos\q2rtx\kmnac\game\gamex86\x64\debug\g_utils.obj
m:\quake\quake2\baseq2\src\repos\q2rtx\kmnac\game\gamex86\x64\debug\g_turret.obj
m:\quake\quake2\baseq2\src\repos\q2rtx\kmnac\game\gamex86\x64\debug\g_trigger.obj
m:\quake\quake2\baseq2\src\repos\q2rtx\kmnac\game\gamex86\x64\debug\g_tracktrain.obj
m:\quake\quake2\baseq2\src\repos\q2rtx\kmnac\game\gamex86\x64\debug\g_thing.obj
m:\quake\quake2\baseq2\src\repos\q2rtx\kmnac\game\gamex86\x64\debug\g_target.obj
m:\quake\quake2\baseq2\src\repos\q2rtx\kmnac\game\gamex86\x64\debug\g_svcmds.obj
m:\quake\quake2\baseq2\src\repos\q2rtx\kmnac\game\gamex86\x64\debug\g_spawn.obj
m:\quake\quake2\baseq2\src\repos\q2rtx\kmnac\game\gamex86\x64\debug\g_save.obj
m:\quake\quake2\baseq2\src\repos\q2rtx\kmnac\game\gamex86\x64\debug\g_reflect.obj
m:\quake\quake2\baseq2\src\repos\q2rtx\kmnac\game\gamex86\x64\debug\g_phys.obj
m:\quake\quake2\baseq2\src\repos\q2rtx\kmnac\game\gamex86\x64\debug\g_pendulum.obj
m:\quake\quake2\baseq2\src\repos\q2rtx\kmnac\game\gamex86\x64\debug\g_patchplayermodels.obj
m:\quake\quake2\baseq2\src\repos\q2rtx\kmnac\game\gamex86\x64\debug\g_mtrain.obj
m:\quake\quake2\baseq2\src\repos\q2rtx\kmnac\game\gamex86\x64\debug\g_moreai.obj
m:\quake\quake2\baseq2\src\repos\q2rtx\kmnac\game\gamex86\x64\debug\g_monster.obj
m:\quake\quake2\baseq2\src\repos\q2rtx\kmnac\game\gamex86\x64\debug\g_model.obj
m:\quake\quake2\baseq2\src\repos\q2rtx\kmnac\game\gamex86\x64\debug\g_misc.obj
m:\quake\quake2\baseq2\src\repos\q2rtx\kmnac\game\gamex86\x64\debug\g_main.obj
m:\quake\quake2\baseq2\src\repos\q2rtx\kmnac\game\gamex86\x64\debug\m_insane.obj
m:\quake\quake2\baseq2\src\repos\q2rtx\kmnac\game\gamex86\x64\debug\m_infantry.obj
m:\quake\quake2\baseq2\src\repos\q2rtx\kmnac\game\gamex86\x64\debug\m_hover.obj
m:\quake\quake2\baseq2\src\repos\q2rtx\kmnac\game\gamex86\x64\debug\m_gunner.obj
m:\quake\quake2\baseq2\src\repos\q2rtx\kmnac\game\gamex86\x64\debug\m_gladiator.obj
m:\quake\quake2\baseq2\src\repos\q2rtx\kmnac\game\gamex86\x64\debug\m_flyer.obj
m:\quake\quake2\baseq2\src\repos\q2rtx\kmnac\game\gamex86\x64\debug\m_float.obj
m:\quake\quake2\baseq2\src\repos\q2rtx\kmnac\game\gamex86\x64\debug\m_flipper.obj
m:\quake\quake2\baseq2\src\repos\q2rtx\kmnac\game\gamex86\x64\debug\m_flash.obj
m:\quake\quake2\baseq2\src\repos\q2rtx\kmnac\game\gamex86\x64\debug\m_chick.obj
m:\quake\quake2\baseq2\src\repos\q2rtx\kmnac\game\gamex86\x64\debug\m_brain.obj
m:\quake\quake2\baseq2\src\repos\q2rtx\kmnac\game\gamex86\x64\debug\m_boss32.obj
m:\quake\quake2\baseq2\src\repos\q2rtx\kmnac\game\gamex86\x64\debug\m_boss31.obj
m:\quake\quake2\baseq2\src\repos\q2rtx\kmnac\game\gamex86\x64\debug\m_boss3.obj
m:\quake\quake2\baseq2\src\repos\q2rtx\kmnac\game\gamex86\x64\debug\m_boss2.obj
m:\quake\quake2\baseq2\src\repos\q2rtx\kmnac\game\gamex86\x64\debug\m_berserk.obj
m:\quake\quake2\baseq2\src\repos\q2rtx\kmnac\game\gamex86\x64\debug\m_actor_weap.obj
m:\quake\quake2\baseq2\src\repos\q2rtx\kmnac\game\gamex86\x64\debug\m_actor.obj
m:\quake\quake2\baseq2\src\repos\q2rtx\kmnac\game\gamex86\x64\debug\km_cvar.obj
m:\quake\quake2\baseq2\src\repos\q2rtx\kmnac\game\gamex86\x64\debug\g_weapon.obj
m:\quake\quake2\baseq2\src\repos\q2rtx\kmnac\game\gamex86\x64\debug\q_shared.obj
m:\quake\quake2\baseq2\src\repos\q2rtx\kmnac\game\gamex86\x64\debug\p_weapon.obj
m:\quake\quake2\baseq2\src\repos\q2rtx\kmnac\game\gamex86\x64\debug\p_view.obj
m:\quake\quake2\baseq2\src\repos\q2rtx\kmnac\game\gamex86\x64\debug\p_trail.obj
m:\quake\quake2\baseq2\src\repos\q2rtx\kmnac\game\gamex86\x64\debug\p_text.obj
m:\quake\quake2\baseq2\src\repos\q2rtx\kmnac\game\gamex86\x64\debug\p_menu.obj
m:\quake\quake2\baseq2\src\repos\q2rtx\kmnac\game\gamex86\x64\debug\p_hud.obj
m:\quake\quake2\baseq2\src\repos\q2rtx\kmnac\game\gamex86\x64\debug\p_client.obj
m:\quake\quake2\baseq2\src\repos\q2rtx\kmnac\game\gamex86\x64\debug\p_chase.obj
m:\quake\quake2\baseq2\src\repos\q2rtx\kmnac\game\gamex86\x64\debug\m_tank.obj
m:\quake\quake2\baseq2\src\repos\q2rtx\kmnac\game\gamex86\x64\debug\m_supertank.obj
m:\quake\quake2\baseq2\src\repos\q2rtx\kmnac\game\gamex86\x64\debug\m_soldier.obj
m:\quake\quake2\baseq2\src\repos\q2rtx\kmnac\game\gamex86\x64\debug\m_parasite.obj
m:\quake\quake2\baseq2\src\repos\q2rtx\kmnac\game\gamex86\x64\debug\m_mutant.obj
m:\quake\quake2\baseq2\src\repos\q2rtx\kmnac\game\gamex86\x64\debug\m_move.obj
m:\quake\quake2\baseq2\src\repos\q2rtx\kmnac\game\gamex86\x64\debug\m_medic.obj
m:\quake\quake2\baseq2\src\repos\q2rtx\nac\gamex86_64.lib
m:\quake\quake2\baseq2\src\repos\q2rtx\nac\gamex86_64.exp
m:\quake\quake2\baseq2\src\repos\q2rtx\nac\gamex86_64.ilk
m:\quake\quake2\baseq2\src\repos\q2rtx\nac\gamex86_64.dll
m:\quake\quake2\baseq2\src\repos\q2rtx\nac\gamex86_64.pdb
m:\quake\quake2\baseq2\src\repos\q2rtx\kmnac\game\gamex86\../../../nac\gamex86_64.dll
m:\quake\quake2\baseq2\src\repos\q2rtx\kmnac\game\gamex86\x64\debug\gamex86_64.tlog\cl.command.1.tlog
m:\quake\quake2\baseq2\src\repos\q2rtx\kmnac\game\gamex86\x64\debug\gamex86_64.tlog\cl.read.1.tlog
m:\quake\quake2\baseq2\src\repos\q2rtx\kmnac\game\gamex86\x64\debug\gamex86_64.tlog\cl.write.1.tlog
m:\quake\quake2\baseq2\src\repos\q2rtx\kmnac\game\gamex86\x64\debug\gamex86_64.tlog\gamex86_64.write.1u.tlog
m:\quake\quake2\baseq2\src\repos\q2rtx\kmnac\game\gamex86\x64\debug\gamex86_64.tlog\link.command.1.tlog
m:\quake\quake2\baseq2\src\repos\q2rtx\kmnac\game\gamex86\x64\debug\gamex86_64.tlog\link.read.1.tlog
m:\quake\quake2\baseq2\src\repos\q2rtx\kmnac\game\gamex86\x64\debug\gamex86_64.tlog\link.write.1.tlog
