m:\quake\quake2\baseq2\src\repos\q2rtx\kmnac\game\gamex86\x64\release\vc142.pdb
m:\quake\quake2\baseq2\src\repos\q2rtx\kmnac\game\gamex86\x64\release\g_lock.obj
m:\quake\quake2\baseq2\src\repos\q2rtx\kmnac\game\gamex86\x64\release\g_lights.obj
m:\quake\quake2\baseq2\src\repos\q2rtx\kmnac\game\gamex86\x64\release\g_jetpack.obj
m:\quake\quake2\baseq2\src\repos\q2rtx\kmnac\game\gamex86\x64\release\g_items.obj
m:\quake\quake2\baseq2\src\repos\q2rtx\kmnac\game\gamex86\x64\release\g_func.obj
m:\quake\quake2\baseq2\src\repos\q2rtx\kmnac\game\gamex86\x64\release\g_fog.obj
m:\quake\quake2\baseq2\src\repos\q2rtx\kmnac\game\gamex86\x64\release\g_ctf.obj
m:\quake\quake2\baseq2\src\repos\q2rtx\kmnac\game\gamex86\x64\release\g_crane.obj
m:\quake\quake2\baseq2\src\repos\q2rtx\kmnac\game\gamex86\x64\release\g_combat.obj
m:\quake\quake2\baseq2\src\repos\q2rtx\kmnac\game\gamex86\x64\release\g_cmds.obj
m:\quake\quake2\baseq2\src\repos\q2rtx\kmnac\game\gamex86\x64\release\g_chase.obj
m:\quake\quake2\baseq2\src\repos\q2rtx\kmnac\game\gamex86\x64\release\g_camera.obj
m:\quake\quake2\baseq2\src\repos\q2rtx\kmnac\game\gamex86\x64\release\g_ai.obj
m:\quake\quake2\baseq2\src\repos\q2rtx\kmnac\game\gamex86\x64\release\acebot_spawn.obj
m:\quake\quake2\baseq2\src\repos\q2rtx\kmnac\game\gamex86\x64\release\acebot_nodes.obj
m:\quake\quake2\baseq2\src\repos\q2rtx\kmnac\game\gamex86\x64\release\acebot_movement.obj
m:\quake\quake2\baseq2\src\repos\q2rtx\kmnac\game\gamex86\x64\release\acebot_items.obj
m:\quake\quake2\baseq2\src\repos\q2rtx\kmnac\game\gamex86\x64\release\acebot_compress.obj
m:\quake\quake2\baseq2\src\repos\q2rtx\kmnac\game\gamex86\x64\release\acebot_cmds.obj
m:\quake\quake2\baseq2\src\repos\q2rtx\kmnac\game\gamex86\x64\release\acebot_ai.obj
m:\quake\quake2\baseq2\src\repos\q2rtx\kmnac\game\gamex86\x64\release\g_vehicle.obj
m:\quake\quake2\baseq2\src\repos\q2rtx\kmnac\game\gamex86\x64\release\g_utils.obj
m:\quake\quake2\baseq2\src\repos\q2rtx\kmnac\game\gamex86\x64\release\g_turret.obj
m:\quake\quake2\baseq2\src\repos\q2rtx\kmnac\game\gamex86\x64\release\g_trigger.obj
m:\quake\quake2\baseq2\src\repos\q2rtx\kmnac\game\gamex86\x64\release\g_tracktrain.obj
m:\quake\quake2\baseq2\src\repos\q2rtx\kmnac\game\gamex86\x64\release\g_thing.obj
m:\quake\quake2\baseq2\src\repos\q2rtx\kmnac\game\gamex86\x64\release\g_target.obj
m:\quake\quake2\baseq2\src\repos\q2rtx\kmnac\game\gamex86\x64\release\g_svcmds.obj
m:\quake\quake2\baseq2\src\repos\q2rtx\kmnac\game\gamex86\x64\release\g_spawn.obj
m:\quake\quake2\baseq2\src\repos\q2rtx\kmnac\game\gamex86\x64\release\g_save.obj
m:\quake\quake2\baseq2\src\repos\q2rtx\kmnac\game\gamex86\x64\release\g_reflect.obj
m:\quake\quake2\baseq2\src\repos\q2rtx\kmnac\game\gamex86\x64\release\g_phys.obj
m:\quake\quake2\baseq2\src\repos\q2rtx\kmnac\game\gamex86\x64\release\g_pendulum.obj
m:\quake\quake2\baseq2\src\repos\q2rtx\kmnac\game\gamex86\x64\release\g_patchplayermodels.obj
m:\quake\quake2\baseq2\src\repos\q2rtx\kmnac\game\gamex86\x64\release\g_mtrain.obj
m:\quake\quake2\baseq2\src\repos\q2rtx\kmnac\game\gamex86\x64\release\g_moreai.obj
m:\quake\quake2\baseq2\src\repos\q2rtx\kmnac\game\gamex86\x64\release\g_monster.obj
m:\quake\quake2\baseq2\src\repos\q2rtx\kmnac\game\gamex86\x64\release\g_model.obj
m:\quake\quake2\baseq2\src\repos\q2rtx\kmnac\game\gamex86\x64\release\g_misc.obj
m:\quake\quake2\baseq2\src\repos\q2rtx\kmnac\game\gamex86\x64\release\g_main.obj
m:\quake\quake2\baseq2\src\repos\q2rtx\kmnac\game\gamex86\x64\release\m_insane.obj
m:\quake\quake2\baseq2\src\repos\q2rtx\kmnac\game\gamex86\x64\release\m_infantry.obj
m:\quake\quake2\baseq2\src\repos\q2rtx\kmnac\game\gamex86\x64\release\m_hover.obj
m:\quake\quake2\baseq2\src\repos\q2rtx\kmnac\game\gamex86\x64\release\m_gunner.obj
m:\quake\quake2\baseq2\src\repos\q2rtx\kmnac\game\gamex86\x64\release\m_gladiator.obj
m:\quake\quake2\baseq2\src\repos\q2rtx\kmnac\game\gamex86\x64\release\m_flyer.obj
m:\quake\quake2\baseq2\src\repos\q2rtx\kmnac\game\gamex86\x64\release\m_float.obj
m:\quake\quake2\baseq2\src\repos\q2rtx\kmnac\game\gamex86\x64\release\m_flipper.obj
m:\quake\quake2\baseq2\src\repos\q2rtx\kmnac\game\gamex86\x64\release\m_flash.obj
m:\quake\quake2\baseq2\src\repos\q2rtx\kmnac\game\gamex86\x64\release\m_chick.obj
m:\quake\quake2\baseq2\src\repos\q2rtx\kmnac\game\gamex86\x64\release\m_brain.obj
m:\quake\quake2\baseq2\src\repos\q2rtx\kmnac\game\gamex86\x64\release\m_boss32.obj
m:\quake\quake2\baseq2\src\repos\q2rtx\kmnac\game\gamex86\x64\release\m_boss31.obj
m:\quake\quake2\baseq2\src\repos\q2rtx\kmnac\game\gamex86\x64\release\m_boss3.obj
m:\quake\quake2\baseq2\src\repos\q2rtx\kmnac\game\gamex86\x64\release\m_boss2.obj
m:\quake\quake2\baseq2\src\repos\q2rtx\kmnac\game\gamex86\x64\release\m_berserk.obj
m:\quake\quake2\baseq2\src\repos\q2rtx\kmnac\game\gamex86\x64\release\m_actor_weap.obj
m:\quake\quake2\baseq2\src\repos\q2rtx\kmnac\game\gamex86\x64\release\m_actor.obj
m:\quake\quake2\baseq2\src\repos\q2rtx\kmnac\game\gamex86\x64\release\km_cvar.obj
m:\quake\quake2\baseq2\src\repos\q2rtx\kmnac\game\gamex86\x64\release\g_weapon.obj
m:\quake\quake2\baseq2\src\repos\q2rtx\kmnac\game\gamex86\x64\release\q_shared.obj
m:\quake\quake2\baseq2\src\repos\q2rtx\kmnac\game\gamex86\x64\release\p_weapon.obj
m:\quake\quake2\baseq2\src\repos\q2rtx\kmnac\game\gamex86\x64\release\p_view.obj
m:\quake\quake2\baseq2\src\repos\q2rtx\kmnac\game\gamex86\x64\release\p_trail.obj
m:\quake\quake2\baseq2\src\repos\q2rtx\kmnac\game\gamex86\x64\release\p_text.obj
m:\quake\quake2\baseq2\src\repos\q2rtx\kmnac\game\gamex86\x64\release\p_menu.obj
m:\quake\quake2\baseq2\src\repos\q2rtx\kmnac\game\gamex86\x64\release\p_hud.obj
m:\quake\quake2\baseq2\src\repos\q2rtx\kmnac\game\gamex86\x64\release\p_client.obj
m:\quake\quake2\baseq2\src\repos\q2rtx\kmnac\game\gamex86\x64\release\p_chase.obj
m:\quake\quake2\baseq2\src\repos\q2rtx\kmnac\game\gamex86\x64\release\m_tank.obj
m:\quake\quake2\baseq2\src\repos\q2rtx\kmnac\game\gamex86\x64\release\m_supertank.obj
m:\quake\quake2\baseq2\src\repos\q2rtx\kmnac\game\gamex86\x64\release\m_soldier.obj
m:\quake\quake2\baseq2\src\repos\q2rtx\kmnac\game\gamex86\x64\release\m_parasite.obj
m:\quake\quake2\baseq2\src\repos\q2rtx\kmnac\game\gamex86\x64\release\m_mutant.obj
m:\quake\quake2\baseq2\src\repos\q2rtx\kmnac\game\gamex86\x64\release\m_move.obj
m:\quake\quake2\baseq2\src\repos\q2rtx\kmnac\game\gamex86\x64\release\m_medic.obj
m:\quake\quake2\baseq2\src\repos\q2rtx\nac\gamex86_64.lib
m:\quake\quake2\baseq2\src\repos\q2rtx\nac\gamex86_64.exp
m:\quake\quake2\baseq2\src\repos\q2rtx\nac\gamex86_64.ipdb
m:\quake\quake2\baseq2\src\repos\q2rtx\nac\gamex86_64.iobj
m:\quake\quake2\baseq2\src\repos\q2rtx\nac\gamex86_64.dll
m:\quake\quake2\baseq2\src\repos\q2rtx\nac\gamex86_64.pdb
m:\quake\quake2\baseq2\src\repos\q2rtx\kmnac\game\gamex86\../../../nac\gamex86_64.dll.manifest
m:\quake\quake2\baseq2\src\repos\q2rtx\kmnac\game\gamex86\x64\release\gamex86_64.tlog\cl.command.1.tlog
m:\quake\quake2\baseq2\src\repos\q2rtx\kmnac\game\gamex86\x64\release\gamex86_64.tlog\cl.read.1.tlog
m:\quake\quake2\baseq2\src\repos\q2rtx\kmnac\game\gamex86\x64\release\gamex86_64.tlog\cl.write.1.tlog
m:\quake\quake2\baseq2\src\repos\q2rtx\kmnac\game\gamex86\x64\release\gamex86_64.tlog\gamex86_64.write.1u.tlog
m:\quake\quake2\baseq2\src\repos\q2rtx\kmnac\game\gamex86\x64\release\gamex86_64.tlog\link.command.1.tlog
m:\quake\quake2\baseq2\src\repos\q2rtx\kmnac\game\gamex86\x64\release\gamex86_64.tlog\link.read.1.tlog
m:\quake\quake2\baseq2\src\repos\q2rtx\kmnac\game\gamex86\x64\release\gamex86_64.tlog\link.write.1.tlog
