[2020-06-27 14:37] Logging console to logs/console.log
[2020-06-27 14:37] Execing default.cfg
[2020-06-27 14:37] Execing q2rtx.cfg
[2020-06-27 14:37] Execing q2config.cfg
[2020-06-27 14:37] ------- R_Init -------
[2020-06-27 14:37] ...attempting to load opengl32 instead of opengl32
[2020-06-27 14:37] ...enabling GL_EXT_compiled_vertex_array
[2020-06-27 14:37] ...enabling GL_ARB_multitexture (4 TMUs)
[2020-06-27 14:37] ...enabling GL_EXT_texture_filter_anisotropic (16 max)
[2020-06-27 14:37] ...enabling GL_ARB_vertex_buffer_object
[2020-06-27 14:37] ...enabling GL_ARB_fragment_program
[2020-06-27 14:37] ----------------------
[2020-06-27 14:37] ------- S_Init -------
[2020-06-27 14:37] OpenAL initialized.
[2020-06-27 14:37] ----------------------
[2020-06-27 14:37] SDL mouse initialized.
[2020-06-27 14:37] ====== Quake II RTX initialized ======
[2020-06-27 14:37] 
[2020-06-27 14:37] q2rtx 1.3.0-711e686, Dec 20 2019
[2020-06-27 14:37] Loaded game library from M:\Quake\Quake2RTX\nac\gamex86_64.dll
[2020-06-27 14:37] ==== InitGame (Lazarus) ====
[2020-06-27 14:37] by Mr. Hyde & Mad Dog
[2020-06-27 14:37] e-mail: rascal@vicksburg.com
[2020-06-27 14:37] 
[2020-06-27 14:37] ------- Server Initialization -------
[2020-06-27 14:37] SpawnServer: rtxcams
[2020-06-27 14:37] salpha is not a field
[2020-06-27 14:37] salpha is not a field
[2020-06-27 14:37] salpha is not a field
[2020-06-27 14:37] 0 entities inhibited
[2020-06-27 14:37] 0 teams with 0 entities
[2020-06-27 14:37] -------------------------------------
[2020-06-27 14:37] Requesting connection... 1
[2020-06-27 14:37] Player-2149 connected
[2020-06-27 14:37] Connected to loopback (protocol 36).
[2020-06-27 14:37] rtxcams
[2020-06-27 14:37] Player-2149 entered the game
[2020-06-27 14:37] 
[2020-06-27 14:37] ======================================
[2020-06-27 14:37] ACE Bot II Mod
[2020-06-27 14:37] 
[2020-06-27 14:37] 'sv addbot' to add a new bot.
[2020-06-27 14:37] 'sv removebot <name>' to remove bot.
[2020-06-27 14:37] 'sv dmpause' to pause the game.
[2020-06-27 14:37] 'sv savenodes' to save level path data.
[2020-06-27 14:37] ======================================
[2020-06-27 14:37] 
[2020-06-27 14:37] 
[2020-06-27 14:37] alpha channel transparency
[2020-06-27 14:37] additive blend transparency
[2020-06-27 14:37] alpha channel transparency
[2020-06-27 14:37] sprite rendering
[2020-06-27 14:37] alpha channel transparency
[2020-06-27 14:37] additive blend transparency
[2020-06-27 14:37] func_bmodel animated textures (fast/10hz)
[2020-06-27 14:38] alpha channel transparency
[2020-06-27 14:38] additive blend transparency
[2020-06-27 14:38] func_bmodel animated textures (fast/10hz)
[2020-06-27 14:38] sprite rendering
[2020-06-27 14:38] alpha channel transparency
[2020-06-27 14:38] sprite rendering
[2020-06-27 14:38] alpha channel transparency
[2020-06-27 14:38] ==== ShutdownGame ====
[2020-06-27 14:38] Shutting down OpenAL.
[2020-06-27 14:38] Closing console log.
